[debug] [2025-02-17T02:49:23.760Z] ----------------------------------------------------------------------
[debug] [2025-02-17T02:49:23.762Z] Command:       C:\Program Files\nodejs\node.exe C:\Users\Administrator\AppData\Roaming\npm\node_modules\firebase-tools\lib\bin\firebase.js init
[debug] [2025-02-17T02:49:23.762Z] CLI Version:   13.31.1
[debug] [2025-02-17T02:49:23.762Z] Platform:      win32
[debug] [2025-02-17T02:49:23.762Z] Node Version:  v22.14.0
[debug] [2025-02-17T02:49:23.762Z] Time:          Sun Feb 16 2025 21:49:23 GMT-0500 (Eastern Standard Time)
[debug] [2025-02-17T02:49:23.762Z] ----------------------------------------------------------------------
[debug] 
[debug] [2025-02-17T02:49:23.867Z] > command requires scopes: ["email","openid","https://www.googleapis.com/auth/cloudplatformprojects.readonly","https://www.googleapis.com/auth/firebase","https://www.googleapis.com/auth/cloud-platform"]
[debug] [2025-02-17T02:49:23.867Z] > authorizing via signed-in user (robert.brown.02181@gmail.com)
[info] 
     ######## #### ########  ######## ########     ###     ######  ########
     ##        ##  ##     ## ##       ##     ##  ##   ##  ##       ##
     ######    ##  ########  ######   ########  #########  ######  ######
     ##        ##  ##    ##  ##       ##     ## ##     ##       ## ##
     ##       #### ##     ## ######## ########  ##     ##  ######  ########

You're about to initialize a Firebase project in this directory:

  C:\Users\Administrator\Downloads\aa\Portfolio-main

Before we get started, keep in mind:

  * You are initializing within an existing Firebase project directory

[info] 
=== Project Setup
[info] 
[info] First, let's associate this project directory with a Firebase project.
[info] You can create multiple project aliases by running firebase use --add, 
[info] but for now we'll just set up a default project.
[info] 
[debug] [2025-02-17T02:49:29.113Z] Using project from CLI flag: tigercoder0218
[debug] [2025-02-17T02:49:29.114Z] Checked if tokens are valid: true, expires at: 1739763779746
[debug] [2025-02-17T02:49:29.114Z] Checked if tokens are valid: true, expires at: 1739763779746
[debug] [2025-02-17T02:49:29.115Z] >>> [apiv2][query] GET https://firebase.googleapis.com/v1beta1/projects/tigercoder0218 [none]
[debug] [2025-02-17T02:49:30.454Z] <<< [apiv2][status] GET https://firebase.googleapis.com/v1beta1/projects/tigercoder0218 200
[debug] [2025-02-17T02:49:30.455Z] <<< [apiv2][body] GET https://firebase.googleapis.com/v1beta1/projects/tigercoder0218 {"projectId":"tigercoder0218","projectNumber":"1035813056260","displayName":"Tigercoder0218","name":"projects/tigercoder0218","resources":{"hostingSite":"tigercoder0218"},"state":"ACTIVE","etag":"1_36bcb84d-7849-4582-befa-5bc6d90b2474"}
[info] i  Using project tigercoder0218 (Tigercoder0218) 
[info] 
=== Hosting Setup
[debug] [2025-02-17T02:49:30.459Z] Checked if tokens are valid: true, expires at: 1739763779746
[debug] [2025-02-17T02:49:30.459Z] Checked if tokens are valid: true, expires at: 1739763779746
[debug] [2025-02-17T02:49:30.459Z] >>> [apiv2][query] GET https://firebase.googleapis.com/v1beta1/projects/tigercoder0218 [none]
[debug] [2025-02-17T02:49:30.997Z] <<< [apiv2][status] GET https://firebase.googleapis.com/v1beta1/projects/tigercoder0218 200
[debug] [2025-02-17T02:49:30.998Z] <<< [apiv2][body] GET https://firebase.googleapis.com/v1beta1/projects/tigercoder0218 {"projectId":"tigercoder0218","projectNumber":"1035813056260","displayName":"Tigercoder0218","name":"projects/tigercoder0218","resources":{"hostingSite":"tigercoder0218"},"state":"ACTIVE","etag":"1_36bcb84d-7849-4582-befa-5bc6d90b2474"}
[info] 
[info] Your public directory is the folder (relative to your project directory) that
[info] will contain Hosting assets to be uploaded with firebase deploy. If you
[info] have a build process for your assets, use your build's output directory.
[info] 
